2019-09-24 16:58:20,419  INFO [main] BDDFrameworkProject:34 - *************** Launching Browser ***************
2019-09-24 16:58:20,454  INFO [main] BDDFrameworkProject:41 - *************** Opening ULR ***************
2019-09-24 16:58:25,766  INFO [main] BDDFrameworkProject:49 - *************** Provide Username and Password ***************
2019-09-24 16:58:26,303  INFO [main] BDDFrameworkProject:57 - *************** Click on Login ***************
2019-09-24 16:58:29,690  INFO [main] BDDFrameworkProject:100 - *************** Verify Dashboard Page ***************
2019-09-24 16:58:32,704  INFO [main] BDDFrameworkProject:108 - *************** Clicking on Main Menu ***************
2019-09-24 16:58:35,906  INFO [main] BDDFrameworkProject:117 - *************** Clicking on Sub Menu ***************
2019-09-24 16:58:45,816  INFO [main] BDDFrameworkProject:160 - *************** Saving Customer Deatils ***************
2019-09-24 16:58:50,570  INFO [main] BDDFrameworkProject:89 - *************** Closing Browser ***************
2019-09-24 16:58:56,685  INFO [main] BDDFrameworkProject:34 - *************** Launching Browser ***************
2019-09-24 16:58:56,699  INFO [main] BDDFrameworkProject:41 - *************** Opening ULR ***************
2019-09-24 16:59:02,081  INFO [main] BDDFrameworkProject:49 - *************** Provide Username and Password ***************
2019-09-24 16:59:02,337  INFO [main] BDDFrameworkProject:57 - *************** Click on Login ***************
2019-09-24 16:59:05,225  INFO [main] BDDFrameworkProject:100 - *************** Verify Dashboard Page ***************
2019-09-24 16:59:08,238  INFO [main] BDDFrameworkProject:108 - *************** Clicking on Main Menu ***************
2019-09-24 16:59:11,419  INFO [main] BDDFrameworkProject:117 - *************** Clicking on Sub Menu ***************
2019-09-24 16:59:17,887  INFO [main] BDDFrameworkProject:179 - *************** Searching Customer Deatail By Email ***************
2019-09-24 16:59:21,526  INFO [main] BDDFrameworkProject:89 - *************** Closing Browser ***************
2019-09-24 16:59:27,529  INFO [main] BDDFrameworkProject:34 - *************** Launching Browser ***************
2019-09-24 16:59:27,532  INFO [main] BDDFrameworkProject:41 - *************** Opening ULR ***************
2019-09-24 16:59:32,834  INFO [main] BDDFrameworkProject:49 - *************** Provide Username and Password ***************
2019-09-24 16:59:33,406  INFO [main] BDDFrameworkProject:57 - *************** Click on Login ***************
2019-09-24 16:59:36,524  INFO [main] BDDFrameworkProject:72 - *************** Login Passed ***************
2019-09-24 16:59:39,538  INFO [main] BDDFrameworkProject:81 - *************** Clicking Log Out ***************
2019-09-24 16:59:43,767  INFO [main] BDDFrameworkProject:72 - *************** Login Passed ***************
2019-09-24 16:59:46,789  INFO [main] BDDFrameworkProject:89 - *************** Closing Browser ***************
2019-09-25 11:10:57,303  INFO [main] BDDFrameworkProject:66 - *************** Launching Browser ***************
2019-09-25 11:10:57,346  INFO [main] BDDFrameworkProject:73 - *************** Opening ULR ***************
2019-09-25 11:11:02,165  INFO [main] BDDFrameworkProject:81 - *************** Provide Username and Password ***************
2019-09-25 11:11:02,404  INFO [main] BDDFrameworkProject:89 - *************** Click on Login ***************
2019-09-25 11:11:06,050  INFO [main] BDDFrameworkProject:132 - *************** Verify Dashboard Page ***************
2019-09-25 11:11:09,052  INFO [main] BDDFrameworkProject:140 - *************** Clicking on Main Menu ***************
2019-09-25 11:11:12,351  INFO [main] BDDFrameworkProject:149 - *************** Clicking on Sub Menu ***************
2019-09-25 11:11:23,795  INFO [main] BDDFrameworkProject:192 - *************** Saving Customer Deatils ***************
2019-09-25 11:11:29,496  INFO [main] BDDFrameworkProject:121 - *************** Closing Browser ***************
2019-09-25 11:11:33,148  INFO [main] BDDFrameworkProject:66 - *************** Launching Browser ***************
2019-09-25 11:11:33,149  INFO [main] BDDFrameworkProject:73 - *************** Opening ULR ***************
2019-09-25 11:11:37,854  INFO [main] BDDFrameworkProject:81 - *************** Provide Username and Password ***************
2019-09-25 11:11:38,013  INFO [main] BDDFrameworkProject:89 - *************** Click on Login ***************
2019-09-25 11:11:41,430  INFO [main] BDDFrameworkProject:132 - *************** Verify Dashboard Page ***************
2019-09-25 11:11:44,436  INFO [main] BDDFrameworkProject:140 - *************** Clicking on Main Menu ***************
2019-09-25 11:11:47,720  INFO [main] BDDFrameworkProject:149 - *************** Clicking on Sub Menu ***************
2019-09-25 11:11:54,093  INFO [main] BDDFrameworkProject:211 - *************** Searching Customer Deatail By Email ***************
2019-09-25 11:11:57,614  INFO [main] BDDFrameworkProject:121 - *************** Closing Browser ***************
2019-09-25 11:12:01,182  INFO [main] BDDFrameworkProject:66 - *************** Launching Browser ***************
2019-09-25 11:12:01,184  INFO [main] BDDFrameworkProject:73 - *************** Opening ULR ***************
2019-09-25 11:12:06,096  INFO [main] BDDFrameworkProject:81 - *************** Provide Username and Password ***************
2019-09-25 11:12:06,299  INFO [main] BDDFrameworkProject:89 - *************** Click on Login ***************
2019-09-25 11:12:09,687  INFO [main] BDDFrameworkProject:104 - *************** Login Passed ***************
2019-09-25 11:12:12,695  INFO [main] BDDFrameworkProject:113 - *************** Clicking Log Out ***************
2019-09-25 11:12:16,770  INFO [main] BDDFrameworkProject:104 - *************** Login Passed ***************
2019-09-25 11:12:19,778  INFO [main] BDDFrameworkProject:121 - *************** Closing Browser ***************
2019-09-25 12:27:57,919  INFO [main] BDDFrameworkProject:66 - *************** Launching Browser ***************
2019-09-25 12:27:58,002  INFO [main] BDDFrameworkProject:73 - *************** Opening ULR ***************
2019-09-25 12:27:58,055  INFO [main] BDDFrameworkProject:66 - *************** Launching Browser ***************
2019-09-25 12:27:58,059  INFO [main] BDDFrameworkProject:73 - *************** Opening ULR ***************
2019-09-25 12:28:25,529  INFO [main] BDDFrameworkProject:66 - *************** Launching Browser ***************
2019-09-25 12:28:25,619  INFO [main] BDDFrameworkProject:73 - *************** Opening ULR ***************
2019-09-25 12:28:25,675  INFO [main] BDDFrameworkProject:66 - *************** Launching Browser ***************
2019-09-25 12:28:25,677  INFO [main] BDDFrameworkProject:73 - *************** Opening ULR ***************
2019-09-25 12:30:16,904  INFO [main] BDDFrameworkProject:66 - *************** Launching Browser ***************
2019-09-25 12:30:17,046  INFO [main] BDDFrameworkProject:73 - *************** Opening ULR ***************
2019-09-25 12:30:17,108  INFO [main] BDDFrameworkProject:66 - *************** Launching Browser ***************
2019-09-25 12:30:17,113  INFO [main] BDDFrameworkProject:73 - *************** Opening ULR ***************
2019-09-25 12:32:02,000  INFO [main] BDDFrameworkProject:66 - *************** Launching Browser ***************
2019-09-25 12:32:02,046  INFO [main] BDDFrameworkProject:73 - *************** Opening ULR ***************
2019-09-25 12:32:07,528  INFO [main] BDDFrameworkProject:81 - *************** Provide Username and Password ***************
2019-09-25 12:32:07,910  INFO [main] BDDFrameworkProject:89 - *************** Click on Login ***************
2019-09-25 12:32:11,233  INFO [main] BDDFrameworkProject:132 - *************** Verify Dashboard Page ***************
2019-09-25 12:32:14,450  INFO [main] BDDFrameworkProject:140 - *************** Clicking on Main Menu ***************
2019-09-25 12:32:17,539  INFO [main] BDDFrameworkProject:149 - *************** Clicking on Sub Menu ***************
2019-09-25 12:32:27,436  INFO [main] BDDFrameworkProject:192 - *************** Saving Customer Deatils ***************
2019-09-25 12:32:32,059  INFO [main] BDDFrameworkProject:121 - *************** Closing Browser ***************
2019-09-25 12:32:38,187  INFO [main] BDDFrameworkProject:66 - *************** Launching Browser ***************
2019-09-25 12:32:38,188  INFO [main] BDDFrameworkProject:73 - *************** Opening ULR ***************
2019-09-25 12:32:43,596  INFO [main] BDDFrameworkProject:81 - *************** Provide Username and Password ***************
2019-09-25 12:32:43,949  INFO [main] BDDFrameworkProject:89 - *************** Click on Login ***************
2019-09-25 12:32:48,293  INFO [main] BDDFrameworkProject:104 - *************** Login Passed ***************
2019-09-25 12:32:51,514  INFO [main] BDDFrameworkProject:113 - *************** Clicking Log Out ***************
2019-09-25 12:32:55,497  INFO [main] BDDFrameworkProject:104 - *************** Login Passed ***************
2019-09-25 12:32:58,507  INFO [main] BDDFrameworkProject:121 - *************** Closing Browser ***************
2019-09-25 12:37:31,091  INFO [main] BDDFrameworkProject:66 - *************** Launching Browser ***************
2019-09-25 12:37:31,128  INFO [main] BDDFrameworkProject:73 - *************** Opening ULR ***************
2019-09-25 12:42:37,066  INFO [main] BDDFrameworkProject:66 - *************** Launching Browser ***************
2019-09-25 12:42:37,106  INFO [main] BDDFrameworkProject:73 - *************** Opening ULR ***************
2019-09-25 12:42:42,682  INFO [main] BDDFrameworkProject:81 - *************** Provide Username and Password ***************
2019-09-25 12:42:43,120  INFO [main] BDDFrameworkProject:89 - *************** Click on Login ***************
2019-09-25 12:42:46,619  INFO [main] BDDFrameworkProject:132 - *************** Verify Dashboard Page ***************
2019-09-25 12:42:49,653  INFO [main] BDDFrameworkProject:140 - *************** Clicking on Main Menu ***************
2019-09-25 12:42:52,745  INFO [main] BDDFrameworkProject:149 - *************** Clicking on Sub Menu ***************
2019-09-25 13:01:33,864  INFO [main] BDDFrameworkProject:66 - *************** Launching Browser ***************
2019-09-25 13:01:33,888  INFO [main] BDDFrameworkProject:73 - *************** Opening ULR ***************
2019-09-25 13:01:39,254  INFO [main] BDDFrameworkProject:81 - *************** Provide Username and Password ***************
2019-09-25 13:01:39,502  INFO [main] BDDFrameworkProject:89 - *************** Click on Login ***************
2019-09-25 13:01:42,195  INFO [main] BDDFrameworkProject:132 - *************** Verify Dashboard Page ***************
2019-09-25 13:01:45,207  INFO [main] BDDFrameworkProject:140 - *************** Clicking on Main Menu ***************
2019-09-25 13:01:48,332  INFO [main] BDDFrameworkProject:149 - *************** Clicking on Sub Menu ***************
2019-09-25 13:01:57,438  INFO [main] BDDFrameworkProject:192 - *************** Saving Customer Deatils ***************
2019-09-25 13:02:02,116  INFO [main] BDDFrameworkProject:121 - *************** Closing Browser ***************
2019-09-25 13:02:08,013  INFO [main] BDDFrameworkProject:66 - *************** Launching Browser ***************
2019-09-25 13:02:08,017  INFO [main] BDDFrameworkProject:73 - *************** Opening ULR ***************
2019-09-25 13:02:13,374  INFO [main] BDDFrameworkProject:81 - *************** Provide Username and Password ***************
2019-09-25 13:02:13,725  INFO [main] BDDFrameworkProject:89 - *************** Click on Login ***************
2019-09-25 13:02:16,443  INFO [main] BDDFrameworkProject:104 - *************** Login Passed ***************
2019-09-25 13:02:19,491  INFO [main] BDDFrameworkProject:113 - *************** Clicking Log Out ***************
2019-09-25 13:02:23,427  INFO [main] BDDFrameworkProject:104 - *************** Login Passed ***************
2019-09-25 13:02:26,446  INFO [main] BDDFrameworkProject:121 - *************** Closing Browser ***************
2019-09-25 13:11:34,965  INFO [main] BDDFrameworkProject:66 - *************** Launching Browser ***************
2019-09-25 13:11:34,985  INFO [main] BDDFrameworkProject:73 - *************** Opening ULR ***************
2019-09-25 13:11:40,137  INFO [main] BDDFrameworkProject:81 - *************** Provide Username and Password ***************
2019-09-25 13:11:40,380  INFO [main] BDDFrameworkProject:89 - *************** Click on Login ***************
2019-09-25 13:11:42,715  INFO [main] BDDFrameworkProject:132 - *************** Verify Dashboard Page ***************
2019-09-25 13:11:45,754  INFO [main] BDDFrameworkProject:140 - *************** Clicking on Main Menu ***************
2019-09-25 13:11:48,887  INFO [main] BDDFrameworkProject:149 - *************** Clicking on Sub Menu ***************
2019-09-25 13:11:57,840  INFO [main] BDDFrameworkProject:192 - *************** Saving Customer Deatils ***************
2019-09-25 13:12:02,052  INFO [main] BDDFrameworkProject:121 - *************** Closing Browser ***************
2019-09-25 13:12:07,986  INFO [main] BDDFrameworkProject:66 - *************** Launching Browser ***************
2019-09-25 13:12:07,990  INFO [main] BDDFrameworkProject:73 - *************** Opening ULR ***************
2019-09-25 13:12:13,155  INFO [main] BDDFrameworkProject:81 - *************** Provide Username and Password ***************
2019-09-25 13:12:13,434  INFO [main] BDDFrameworkProject:89 - *************** Click on Login ***************
2019-09-25 13:12:16,281  INFO [main] BDDFrameworkProject:104 - *************** Login Passed ***************
2019-09-25 13:12:19,295  INFO [main] BDDFrameworkProject:113 - *************** Clicking Log Out ***************
2019-09-25 13:12:23,271  INFO [main] BDDFrameworkProject:104 - *************** Login Passed ***************
2019-09-25 13:12:26,290  INFO [main] BDDFrameworkProject:121 - *************** Closing Browser ***************
2019-09-25 14:07:57,312  INFO [main] BDDFrameworkProject:66 - *************** Launching Browser ***************
2019-09-25 14:07:57,341  INFO [main] BDDFrameworkProject:73 - *************** Opening ULR ***************
2019-09-25 14:08:02,899  INFO [main] BDDFrameworkProject:81 - *************** Provide Username and Password ***************
2019-09-25 14:08:03,253  INFO [main] BDDFrameworkProject:89 - *************** Click on Login ***************
2019-09-25 14:08:05,922  INFO [main] BDDFrameworkProject:132 - *************** Verify Dashboard Page ***************
2019-09-25 14:08:09,019  INFO [main] BDDFrameworkProject:140 - *************** Clicking on Main Menu ***************
2019-09-25 14:08:12,175  INFO [main] BDDFrameworkProject:149 - *************** Clicking on Sub Menu ***************
2019-09-25 14:08:21,389  INFO [main] BDDFrameworkProject:192 - *************** Saving Customer Deatils ***************
2019-09-25 14:08:25,894  INFO [main] BDDFrameworkProject:121 - *************** Closing Browser ***************
2019-09-25 14:08:32,010  INFO [main] BDDFrameworkProject:66 - *************** Launching Browser ***************
2019-09-25 14:08:32,011  INFO [main] BDDFrameworkProject:73 - *************** Opening ULR ***************
2019-09-25 14:08:37,291  INFO [main] BDDFrameworkProject:81 - *************** Provide Username and Password ***************
2019-09-25 14:08:37,597  INFO [main] BDDFrameworkProject:89 - *************** Click on Login ***************
2019-09-25 14:08:40,296  INFO [main] BDDFrameworkProject:104 - *************** Login Passed ***************
2019-09-25 14:08:43,390  INFO [main] BDDFrameworkProject:113 - *************** Clicking Log Out ***************
2019-09-25 14:08:47,358  INFO [main] BDDFrameworkProject:104 - *************** Login Passed ***************
2019-09-25 14:08:50,378  INFO [main] BDDFrameworkProject:121 - *************** Closing Browser ***************
2019-09-25 14:09:49,975  INFO [main] BDDFrameworkProject:66 - *************** Launching Browser ***************
2019-09-25 14:09:50,006  INFO [main] BDDFrameworkProject:73 - *************** Opening ULR ***************
2019-09-25 14:09:55,268  INFO [main] BDDFrameworkProject:81 - *************** Provide Username and Password ***************
2019-09-25 14:09:55,593  INFO [main] BDDFrameworkProject:89 - *************** Click on Login ***************
2019-09-25 14:09:58,632  INFO [main] BDDFrameworkProject:132 - *************** Verify Dashboard Page ***************
2019-09-25 14:10:01,665  INFO [main] BDDFrameworkProject:140 - *************** Clicking on Main Menu ***************
2019-09-25 14:10:04,846  INFO [main] BDDFrameworkProject:149 - *************** Clicking on Sub Menu ***************
2019-09-25 14:10:13,991  INFO [main] BDDFrameworkProject:192 - *************** Saving Customer Deatils ***************
2019-09-25 14:10:18,341  INFO [main] BDDFrameworkProject:121 - *************** Closing Browser ***************
2019-09-25 14:10:24,298  INFO [main] BDDFrameworkProject:66 - *************** Launching Browser ***************
2019-09-25 14:10:24,298  INFO [main] BDDFrameworkProject:73 - *************** Opening ULR ***************
2019-09-25 14:10:29,620  INFO [main] BDDFrameworkProject:81 - *************** Provide Username and Password ***************
2019-09-25 14:10:29,902  INFO [main] BDDFrameworkProject:89 - *************** Click on Login ***************
2019-09-25 14:10:32,916  INFO [main] BDDFrameworkProject:104 - *************** Login Passed ***************
2019-09-25 14:10:35,971  INFO [main] BDDFrameworkProject:113 - *************** Clicking Log Out ***************
2019-09-25 14:10:39,927  INFO [main] BDDFrameworkProject:104 - *************** Login Passed ***************
2019-09-25 14:10:42,933  INFO [main] BDDFrameworkProject:121 - *************** Closing Browser ***************
2019-09-25 14:16:33,957  INFO [main] BDDFrameworkProject:66 - *************** Launching Browser ***************
2019-09-25 14:16:33,987  INFO [main] BDDFrameworkProject:73 - *************** Opening ULR ***************
2019-09-25 14:16:39,350  INFO [main] BDDFrameworkProject:81 - *************** Provide Username and Password ***************
2019-09-25 14:16:39,669  INFO [main] BDDFrameworkProject:89 - *************** Click on Login ***************
2019-09-25 14:16:42,635  INFO [main] BDDFrameworkProject:132 - *************** Verify Dashboard Page ***************
2019-09-25 14:16:45,665  INFO [main] BDDFrameworkProject:140 - *************** Clicking on Main Menu ***************
2019-09-25 14:16:48,830  INFO [main] BDDFrameworkProject:149 - *************** Clicking on Sub Menu ***************
2019-09-25 14:16:58,045  INFO [main] BDDFrameworkProject:192 - *************** Saving Customer Deatils ***************
2019-09-25 14:17:02,359  INFO [main] BDDFrameworkProject:121 - *************** Closing Browser ***************
2019-09-25 14:17:08,254  INFO [main] BDDFrameworkProject:66 - *************** Launching Browser ***************
2019-09-25 14:17:08,257  INFO [main] BDDFrameworkProject:73 - *************** Opening ULR ***************
2019-09-25 14:17:13,673  INFO [main] BDDFrameworkProject:81 - *************** Provide Username and Password ***************
2019-09-25 14:17:13,960  INFO [main] BDDFrameworkProject:89 - *************** Click on Login ***************
2019-09-25 14:17:16,679  INFO [main] BDDFrameworkProject:104 - *************** Login Passed ***************
2019-09-25 14:17:19,697  INFO [main] BDDFrameworkProject:113 - *************** Clicking Log Out ***************
2019-09-25 14:17:23,670  INFO [main] BDDFrameworkProject:104 - *************** Login Passed ***************
2019-09-25 14:17:26,688  INFO [main] BDDFrameworkProject:121 - *************** Closing Browser ***************
2019-09-25 14:27:59,430  INFO [main] BDDFrameworkProject:66 - *************** Launching Browser ***************
2019-09-25 14:27:59,464  INFO [main] BDDFrameworkProject:73 - *************** Opening ULR ***************
2019-09-25 14:28:04,678  INFO [main] BDDFrameworkProject:81 - *************** Provide Username and Password ***************
2019-09-25 14:28:04,972  INFO [main] BDDFrameworkProject:89 - *************** Click on Login ***************
2019-09-25 14:28:07,740  INFO [main] BDDFrameworkProject:132 - *************** Verify Dashboard Page ***************
2019-09-25 14:28:10,797  INFO [main] BDDFrameworkProject:140 - *************** Clicking on Main Menu ***************
2019-09-25 14:28:13,914  INFO [main] BDDFrameworkProject:149 - *************** Clicking on Sub Menu ***************
2019-09-25 14:28:23,963  INFO [main] BDDFrameworkProject:192 - *************** Saving Customer Deatils ***************
2019-09-25 14:28:29,053  INFO [main] BDDFrameworkProject:121 - *************** Closing Browser ***************
2019-09-25 14:28:35,062  INFO [main] BDDFrameworkProject:66 - *************** Launching Browser ***************
2019-09-25 14:28:35,064  INFO [main] BDDFrameworkProject:73 - *************** Opening ULR ***************
2019-09-25 14:28:40,208  INFO [main] BDDFrameworkProject:81 - *************** Provide Username and Password ***************
2019-09-25 14:28:40,447  INFO [main] BDDFrameworkProject:89 - *************** Click on Login ***************
2019-09-25 14:28:42,986  INFO [main] BDDFrameworkProject:104 - *************** Login Passed ***************
2019-09-25 14:28:46,034  INFO [main] BDDFrameworkProject:113 - *************** Clicking Log Out ***************
2019-09-25 14:28:50,673  INFO [main] BDDFrameworkProject:104 - *************** Login Passed ***************
2019-09-25 14:28:53,687  INFO [main] BDDFrameworkProject:121 - *************** Closing Browser ***************
2019-09-25 14:29:32,346  INFO [main] BDDFrameworkProject:66 - *************** Launching Browser ***************
2019-09-25 14:29:32,383  INFO [main] BDDFrameworkProject:73 - *************** Opening ULR ***************
2019-09-25 14:29:37,621  INFO [main] BDDFrameworkProject:81 - *************** Provide Username and Password ***************
2019-09-25 14:29:37,907  INFO [main] BDDFrameworkProject:89 - *************** Click on Login ***************
2019-09-25 14:29:40,398  INFO [main] BDDFrameworkProject:132 - *************** Verify Dashboard Page ***************
2019-09-25 14:29:43,422  INFO [main] BDDFrameworkProject:140 - *************** Clicking on Main Menu ***************
2019-09-25 14:29:46,495  INFO [main] BDDFrameworkProject:149 - *************** Clicking on Sub Menu ***************
2019-09-25 14:29:56,496  INFO [main] BDDFrameworkProject:192 - *************** Saving Customer Deatils ***************
2019-09-25 14:30:01,044  INFO [main] BDDFrameworkProject:121 - *************** Closing Browser ***************
2019-09-25 14:30:06,886  INFO [main] BDDFrameworkProject:66 - *************** Launching Browser ***************
2019-09-25 14:30:06,887  INFO [main] BDDFrameworkProject:73 - *************** Opening ULR ***************
2019-09-25 14:30:12,029  INFO [main] BDDFrameworkProject:81 - *************** Provide Username and Password ***************
2019-09-25 14:30:12,283  INFO [main] BDDFrameworkProject:89 - *************** Click on Login ***************
2019-09-25 14:30:14,373  INFO [main] BDDFrameworkProject:104 - *************** Login Passed ***************
2019-09-25 14:30:17,431  INFO [main] BDDFrameworkProject:113 - *************** Clicking Log Out ***************
2019-09-25 14:30:22,119  INFO [main] BDDFrameworkProject:104 - *************** Login Passed ***************
2019-09-25 14:30:25,138  INFO [main] BDDFrameworkProject:121 - *************** Closing Browser ***************
2019-09-25 14:34:40,557  INFO [main] BDDFrameworkProject:66 - *************** Launching Browser ***************
2019-09-25 14:34:40,595  INFO [main] BDDFrameworkProject:73 - *************** Opening ULR ***************
2019-09-25 14:34:46,118  INFO [main] BDDFrameworkProject:81 - *************** Provide Username and Password ***************
2019-09-25 14:34:46,406  INFO [main] BDDFrameworkProject:89 - *************** Click on Login ***************
2019-09-25 14:34:48,876  INFO [main] BDDFrameworkProject:132 - *************** Verify Dashboard Page ***************
2019-09-25 14:34:51,918  INFO [main] BDDFrameworkProject:140 - *************** Clicking on Main Menu ***************
2019-09-25 14:34:55,006  INFO [main] BDDFrameworkProject:149 - *************** Clicking on Sub Menu ***************
2019-09-25 14:35:05,345  INFO [main] BDDFrameworkProject:192 - *************** Saving Customer Deatils ***************
2019-09-25 14:35:10,698  INFO [main] BDDFrameworkProject:121 - *************** Closing Browser ***************
2019-09-25 14:35:16,536  INFO [main] BDDFrameworkProject:66 - *************** Launching Browser ***************
2019-09-25 14:35:16,536  INFO [main] BDDFrameworkProject:73 - *************** Opening ULR ***************
2019-09-25 14:35:21,986  INFO [main] BDDFrameworkProject:81 - *************** Provide Username and Password ***************
2019-09-25 14:35:22,211  INFO [main] BDDFrameworkProject:89 - *************** Click on Login ***************
2019-09-25 14:35:24,886  INFO [main] BDDFrameworkProject:104 - *************** Login Passed ***************
2019-09-25 14:35:27,902  INFO [main] BDDFrameworkProject:113 - *************** Clicking Log Out ***************
2019-09-25 14:35:32,518  INFO [main] BDDFrameworkProject:104 - *************** Login Passed ***************
2019-09-25 14:35:35,532  INFO [main] BDDFrameworkProject:121 - *************** Closing Browser ***************
